e:\education\debi\problemsolving_interview\level1\level1\debug\vc142.pdb
e:\education\debi\problemsolving_interview\level1\level1\debug\vc142.idb
e:\education\debi\problemsolving_interview\level1\level1\debug\vanyaandfence.nativecodeanalysis.sarif
e:\education\debi\problemsolving_interview\level1\level1\debug\vanyaandfence.nativecodeanalysis.xml
e:\education\debi\problemsolving_interview\level1\level1\debug\team.nativecodeanalysis.sarif
e:\education\debi\problemsolving_interview\level1\level1\debug\team.nativecodeanalysis.xml
e:\education\debi\problemsolving_interview\level1\level1\debug\gravity flip.nativecodeanalysis.sarif
e:\education\debi\problemsolving_interview\level1\level1\debug\gravity flip.nativecodeanalysis.xml
e:\education\debi\problemsolving_interview\level1\level1\debug\beautiful matrix.nativecodeanalysis.sarif
e:\education\debi\problemsolving_interview\level1\level1\debug\beautiful matrix.nativecodeanalysis.xml
e:\education\debi\problemsolving_interview\level1\level1\debug\bearandbigbrother.nativecodeanalysis.sarif
e:\education\debi\problemsolving_interview\level1\level1\debug\bearandbigbrother.nativecodeanalysis.xml
e:\education\debi\problemsolving_interview\level1\level1\debug\antonanddanik.nativecodeanalysis.sarif
e:\education\debi\problemsolving_interview\level1\level1\debug\antonanddanik.nativecodeanalysis.xml
e:\education\debi\problemsolving_interview\level1\level1\debug\antonanddanik.obj
e:\education\debi\problemsolving_interview\level1\level1\debug\bearandbigbrother.obj
e:\education\debi\problemsolving_interview\level1\level1\debug\beautiful matrix.obj
e:\education\debi\problemsolving_interview\level1\level1\debug\gravity flip.obj
e:\education\debi\problemsolving_interview\level1\level1\debug\team.obj
e:\education\debi\problemsolving_interview\level1\level1\debug\vanyaandfence.obj
e:\education\debi\problemsolving_interview\level1\debug\level1.exe
e:\education\debi\problemsolving_interview\level1\level1\debug\level1.tlog\cl.command.1.tlog
e:\education\debi\problemsolving_interview\level1\level1\debug\level1.tlog\cl.read.1.tlog
e:\education\debi\problemsolving_interview\level1\level1\debug\level1.tlog\cl.write.1.tlog
e:\education\debi\problemsolving_interview\level1\level1\debug\level1.tlog\link.command.1.tlog
e:\education\debi\problemsolving_interview\level1\level1\debug\level1.tlog\link.read.1.tlog
e:\education\debi\problemsolving_interview\level1\level1\debug\level1.tlog\link.write.1.tlog
